<?xml version="1.0" encoding="UTF-8"?>
<!-- Generated by org.testng.reporters.JUnitReportReporter -->
<testsuite hostname="DBITLAP0869" failures="0" tests="1" name="testMethods.YahooFinanceTest" time="6.601" errors="0" timestamp="2025-01-09T17:04:21 IST" skipped="0">
  <testcase classname="testMethods.YahooFinanceTest" name="verifyStockDetailsFunctionality" time="6.601"/>
  <system-out/>
</testsuite> <!-- testMethods.YahooFinanceTest -->
